[2024-04-14 03:36:44]	[done]
	build successfully !

[2024-04-14 03:37:09]	[done]
	build successfully !

[2024-04-14 03:37:32]	[done]
	build successfully !

[2024-04-14 03:37:52]	[done]
	build successfully !

[2024-04-14 03:38:10]	[done]
	build successfully !

[2024-04-14 03:38:28]	[done]
	build successfully !

[2024-04-14 03:38:52]	compilation failed at : "e:\Electronic\Project\开关电源\基于STM32的Buck-Boost型数字电源\Buck-Boost\Core\Hardware\OLED_Data.c", exit code: 1
command: 
  "D:\Keil_v5\ARM\ARMCLANG\bin\armclang.exe" --target=arm-arm-none-eabi -c -xc -std=c99 -I../Core/Inc -I../Drivers/STM32G4xx_HAL_Driver/Inc -I../Drivers/STM32G4xx_HAL_Driver/Inc/Legacy -I../Drivers/CMSIS/Device/ST/STM32G4xx/Include -I../Drivers/CMSIS/Include -I../Core/Hardware -IRTE/_Buck-Boost -DUSE_HAL_DRIVER -DSTM32G474xx -mfloat-abi=hard -mfpu=fpv4-sp-d16 -mcpu=cortex-m4 -mlittle-endian -Os -ffunction-sections -funsigned-char -fshort-enums -fshort-wchar -fno-rtti -Wno-packed -Wno-missing-variable-declarations -Wno-missing-prototypes -Wno-missing-noreturn -Wno-sign-conversion -Wno-nonportable-include-path -Wno-reserved-id-macro -Wno-unused-macros -Wno-documentation-unknown-command -Wno-documentation -Wno-license-management -Wno-parentheses-equality -g -o ./build/Buck-Boost/.obj/__/Core/Hardware/OLED_Data.o -MMD ./../Core/Hardware/OLED_Data.c
   at unify_builder.Program.Main(String[] args_)
---
./../Core/Hardware/OLED_Data.c:335:30: error: redefinition of 'OLED_CF16x16' with a different type: 'const volatile ChineseCell_t[]' vs 'const ChineseCell_t[]'
  335 | volatile const ChineseCell_t OLED_CF16x16[] = {
      |                              ^
./../Core/Hardware/OLED_Data.h:21:28: note: previous declaration is here
   21 | extern const ChineseCell_t OLED_CF16x16[];
      |                            ^
1 error generated.

[2024-04-14 03:39:04]	[done]
	build successfully !

[2024-04-14 03:39:08]	[done]
	build successfully !

[2024-04-14 03:40:04]	[done]
	build successfully !

[2024-04-14 03:40:36]	[done]
	build successfully !

[2024-04-14 03:40:49]	[done]
	build successfully !

[2024-04-14 03:41:03]	[done]
	build successfully !

[2024-04-14 03:41:14]	[done]
	build successfully !

[2024-04-14 03:41:31]	[done]
	build successfully !

[2024-04-14 03:41:51]	[done]
	build successfully !

[2024-04-14 03:43:11]	[done]
	build successfully !

[2024-04-14 03:44:30]	[done]
	build successfully !

[2024-04-14 03:44:42]	[done]
	build successfully !

[2024-04-14 17:26:19]	[done]
	build successfully !

[2024-04-14 17:27:05]	compilation failed at : "e:\Electronic\Project\开关电源\基于STM32的Buck-Boost型数字电源\Buck-Boost\Core\Src\PID.c", exit code: 1
command: 
  "D:\Keil_v5\ARM\ARMCLANG\bin\armclang.exe" --target=arm-arm-none-eabi -c -xc -std=c99 -I../Core/Inc -I../Drivers/STM32G4xx_HAL_Driver/Inc -I../Drivers/STM32G4xx_HAL_Driver/Inc/Legacy -I../Drivers/CMSIS/Device/ST/STM32G4xx/Include -I../Drivers/CMSIS/Include -I../Core/Hardware -IRTE/_Buck-Boost -DUSE_HAL_DRIVER -DSTM32G474xx -mfloat-abi=hard -mfpu=fpv4-sp-d16 -mcpu=cortex-m4 -mlittle-endian -D__MICROLIB -O3 -ffunction-sections -funsigned-char -fshort-enums -fshort-wchar -fno-rtti -Wno-packed -Wno-missing-variable-declarations -Wno-missing-prototypes -Wno-missing-noreturn -Wno-sign-conversion -Wno-nonportable-include-path -Wno-reserved-id-macro -Wno-unused-macros -Wno-documentation-unknown-command -Wno-documentation -Wno-license-management -Wno-parentheses-equality -g -o ./build/Buck-Boost/.obj/__/Core/Src/PID.o -MMD ./../Core/Src/PID.c
   at unify_builder.Program.Main(String[] args_)
---
./../Core/Src/PID.c:139:5: error: unterminated function-like macro invocation
  139 |     __HAL_HRTIM_SETCOMPARE(&hhrtim1, HRTIM_TIMERINDEX_TIMER_F, HRTIM_COMPAREUNIT_1, CtrValue.BoostDuty ;
      |     ^
../Drivers/STM32G4xx_HAL_Driver/Inc\stm32g4xx_hal_hrtim.h:4488:9: note: macro '__HAL_HRTIM_SETCOMPARE' defined here
 4488 | #define __HAL_HRTIM_SETCOMPARE(__HANDLE__, __TIMER__, __COMPAREUNIT__, __COMPARE__) \
      |         ^
./../Core/Src/PID.c:140:2: error: expected '}'
  140 | }
      |  ^
./../Core/Src/PID.c:42:1: note: to match this '{'
   42 | {
      | ^
2 errors generated.

[2024-04-14 17:27:38]	[done]
	build successfully !

[2024-04-14 17:41:18]	[done]
	build successfully !

[2024-04-14 17:42:46]	[done]
	build successfully !

[2024-04-15 15:30:05]	[done]
	build successfully !

[2024-04-15 15:31:23]	[done]
	build successfully !

[2024-04-15 15:32:08]	[done]
	build successfully !

[2024-04-15 15:32:26]	[done]
	build successfully !

[2024-04-15 15:33:09]	[done]
	build successfully !

[2024-04-15 15:35:35]	[done]
	build successfully !

[2024-04-15 15:36:44]	[done]
	build successfully !

[2024-04-15 15:37:11]	[done]
	build successfully !

[2024-04-15 15:37:28]	[done]
	build successfully !

[2024-04-15 15:37:46]	[done]
	build successfully !

[2024-04-15 15:38:01]	[done]
	build successfully !

[2024-04-15 15:38:21]	[done]
	build successfully !

[2024-04-15 15:38:44]	[done]
	build successfully !

[2024-04-15 15:39:40]	[done]
	build successfully !

[2024-04-15 15:43:25]	[done]
	build successfully !

[2024-04-15 15:43:44]	[done]
	build successfully !

[2024-04-15 15:44:59]	[done]
	build successfully !

[2024-04-15 15:45:34]	[done]
	build successfully !

[2024-04-15 15:50:24]	[done]
	build successfully !

[2024-04-15 15:50:59]	[done]
	build successfully !

[2024-04-15 15:51:42]	[done]
	build successfully !

[2024-04-15 15:52:08]	[done]
	build successfully !

[2024-04-15 15:52:37]	[done]
	build successfully !

[2024-04-15 15:53:01]	[done]
	build successfully !

[2024-04-15 15:53:26]	[done]
	build successfully !

[2024-04-15 15:54:01]	[done]
	build successfully !

[2024-04-15 15:54:17]	[done]
	build successfully !

[2024-04-15 16:00:25]	[done]
	build successfully !

[2024-04-15 16:23:05]	[done]
	build successfully !

[2024-04-15 16:23:31]	[done]
	build successfully !

[2024-04-15 16:23:56]	[done]
	build successfully !

[2024-04-15 16:24:19]	[done]
	build successfully !

[2024-04-15 16:25:28]	[done]
	build successfully !

[2024-04-15 16:27:53]	[done]
	build successfully !

[2024-04-15 16:28:37]	[done]
	build successfully !

[2024-04-15 16:28:52]	[done]
	build successfully !

[2024-04-15 16:29:10]	[done]
	build successfully !

[2024-04-15 16:29:35]	[done]
	build successfully !

[2024-04-15 16:33:01]	[done]
	build successfully !

[2024-04-15 16:34:20]	[done]
	build successfully !

[2024-04-15 16:34:37]	[done]
	build successfully !

[2024-04-15 16:35:03]	[done]
	build successfully !

[2024-04-15 16:35:26]	[done]
	build successfully !

[2024-04-15 16:35:59]	[done]
	build successfully !

[2024-04-15 16:36:19]	[done]
	build successfully !

[2024-04-15 16:36:44]	[done]
	build successfully !

[2024-04-15 16:37:07]	[done]
	build successfully !

[2024-04-15 16:37:27]	[done]
	build successfully !

[2024-04-15 16:37:45]	[done]
	build successfully !

[2024-04-15 16:38:03]	[done]
	build successfully !

[2024-04-15 16:38:18]	[done]
	build successfully !

[2024-04-15 16:38:34]	[done]
	build successfully !

[2024-04-15 16:38:54]	[done]
	build successfully !

[2024-04-15 16:39:10]	[done]
	build successfully !

[2024-04-15 16:39:30]	[done]
	build successfully !

[2024-04-15 16:39:42]	[done]
	build successfully !

[2024-04-15 16:40:00]	[done]
	build successfully !

[2024-04-15 16:40:15]	[done]
	build successfully !

[2024-04-15 16:40:29]	[done]
	build successfully !

[2024-04-15 17:56:13]	[done]
	build successfully !

[2024-04-15 17:57:47]	[done]
	build successfully !

[2024-04-15 17:59:56]	[done]
	build successfully !

[2024-04-15 18:01:06]	[done]
	build successfully !

[2024-04-15 18:02:01]	[done]
	build successfully !

[2024-04-15 18:09:22]	[done]
	build successfully !

[2024-04-15 18:10:13]	[done]
	build successfully !

[2024-04-15 18:10:43]	[done]
	build successfully !

[2024-04-15 18:11:06]	[done]
	build successfully !

[2024-04-15 18:16:20]	compilation failed at : "e:\Electronic\Project\开关电源\基于STM32的Buck-Boost型数字电源\Buck-Boost\Core\Src\function.c", exit code: 1
command: 
  "D:\Keil_v5\ARM\ARMCLANG\bin\armclang.exe" --target=arm-arm-none-eabi -c -xc -std=c99 -I../Core/Inc -I../Drivers/STM32G4xx_HAL_Driver/Inc -I../Drivers/STM32G4xx_HAL_Driver/Inc/Legacy -I../Drivers/CMSIS/Device/ST/STM32G4xx/Include -I../Drivers/CMSIS/Include -I../Core/Hardware -IRTE/_Buck-Boost -DUSE_HAL_DRIVER -DSTM32G474xx -mfloat-abi=hard -mfpu=fpv4-sp-d16 -mcpu=cortex-m4 -mlittle-endian -D__MICROLIB -O3 -ffunction-sections -funsigned-char -fshort-enums -fshort-wchar -fno-rtti -Wno-packed -Wno-missing-variable-declarations -Wno-missing-prototypes -Wno-missing-noreturn -Wno-sign-conversion -Wno-nonportable-include-path -Wno-reserved-id-macro -Wno-unused-macros -Wno-documentation-unknown-command -Wno-documentation -Wno-license-management -Wno-parentheses-equality -g -o ./build/Buck-Boost/.obj/__/Core/Src/function.o -MMD ./../Core/Src/function.c
   at unify_builder.Program.Main(String[] args_)
---
./../Core/Src/function.c:733:17: error: invalid digit 'F' in decimal constant
  733 |     if ((Iout > MAX_SHORT_I) && (Vout < MIN_SHORT_V))
      |                 ^
./../Core/Src/function.c:20:22: note: expanded from macro 'MAX_SHORT_I'
   20 | #define MAX_SHORT_I 5F                                       // 短路电流判据
      |                      ^
1 error generated.

[2024-04-15 18:16:28]	[done]
	build successfully !

[2024-04-15 18:18:08]	[done]
	build successfully !

[2024-04-15 18:19:43]	[done]
	build successfully !

[2024-04-15 18:21:21]	[done]
	build successfully !

[2024-04-15 18:23:19]	[done]
	build successfully !

[2024-04-15 18:29:30]	[done]
	build successfully !

[2024-04-15 18:37:39]	[done]
	build successfully !

[2024-04-15 18:38:24]	[done]
	build successfully !

[2024-04-15 18:42:29]	[done]
	build successfully !

[2024-04-15 18:44:44]	[done]
	build successfully !

[2024-04-15 18:45:05]	[done]
	build successfully !

[2024-04-15 18:46:33]	[done]
	build successfully !

[2024-04-15 18:47:40]	[done]
	build successfully !

[2024-04-15 18:48:22]	[done]
	build successfully !

[2024-04-15 18:49:15]	[done]
	build successfully !

[2024-04-15 18:50:09]	[done]
	build successfully !

[2024-04-15 18:50:50]	[done]
	build successfully !

[2024-04-15 18:51:29]	[done]
	build successfully !

[2024-04-15 18:52:24]	[done]
	build successfully !

[2024-04-15 18:53:06]	[done]
	build successfully !

[2024-04-15 18:54:07]	[done]
	build successfully !

[2024-04-15 18:54:14]	[done]
	build successfully !

[2024-04-15 18:54:51]	[done]
	build successfully !

[2024-04-15 18:57:19]	[done]
	build successfully !

[2024-04-15 19:04:50]	[done]
	build successfully !

[2024-04-15 19:07:28]	[done]
	build successfully !

[2024-04-15 21:03:40]	[done]
	build successfully !

[2024-04-15 22:22:23]	compilation failed at : "e:\Electronic\Project\开关电源\基于STM32的Buck-Boost型数字电源\Buck-Boost\Core\Src\PID.c", exit code: 1
command: 
  "D:\Keil_v5\ARM\ARMCLANG\bin\armclang.exe" --target=arm-arm-none-eabi -c -xc -std=c99 -I../Core/Inc -I../Drivers/STM32G4xx_HAL_Driver/Inc -I../Drivers/STM32G4xx_HAL_Driver/Inc/Legacy -I../Drivers/CMSIS/Device/ST/STM32G4xx/Include -I../Drivers/CMSIS/Include -I../Core/Hardware -IRTE/_Buck-Boost -DUSE_HAL_DRIVER -DSTM32G474xx -mfloat-abi=hard -mfpu=fpv4-sp-d16 -mcpu=cortex-m4 -mlittle-endian -D__MICROLIB -O3 -ffunction-sections -funsigned-char -fshort-enums -fshort-wchar -fno-rtti -Wno-packed -Wno-missing-variable-declarations -Wno-missing-prototypes -Wno-missing-noreturn -Wno-sign-conversion -Wno-nonportable-include-path -Wno-reserved-id-macro -Wno-unused-macros -Wno-documentation-unknown-command -Wno-documentation -Wno-license-management -Wno-parentheses-equality -g -o ./build/Buck-Boost/.obj/__/Core/Src/PID.o -MMD ./../Core/Src/PID.c
   at unify_builder.Program.Main(String[] args_)
---
./../Core/Src/PID.c:55:13: error: non-static declaration of 'IoutTemp' follows static declaration
   55 |     int32_t IoutTemp = (int32_t)ADC1_RESULT[3];                          // 获取输出电流
      |             ^
./../Core/Src/PID.c:52:20: note: previous definition is here
   52 |     static int32_t IoutTemp = 0;
      |                    ^
1 error generated.

[2024-04-15 22:22:59]	[done]
	build successfully !

